2025-10-17 20:23:01 [main] INFO  c.e.ExamPlatformApplication - [userId:] Starting ExamPlatformApplication using Java 21.0.1 with PID 49857 (/Users/piyushjoshi/ExamManagementSystem/backend/target/classes started by piyushjoshi in /Users/piyushjoshi/ExamManagementSystem)
2025-10-17 20:23:01 [main] DEBUG c.e.ExamPlatformApplication - [userId:] Running with Spring Boot v3.2.3, Spring v6.1.4
2025-10-17 20:23:01 [main] INFO  c.e.ExamPlatformApplication - [userId:] The following 1 profile is active: "local"
2025-10-17 20:23:02 [main] INFO  o.s.d.r.c.RepositoryConfigurationDelegate - [userId:] Bootstrapping Spring Data JPA repositories in DEFAULT mode.
2025-10-17 20:23:02 [main] INFO  o.s.d.r.c.RepositoryConfigurationDelegate - [userId:] Finished Spring Data repository scanning in 71 ms. Found 6 JPA repository interfaces.
2025-10-17 20:23:03 [main] INFO  o.s.b.w.e.tomcat.TomcatWebServer - [userId:] Tomcat initialized with port 8080 (http)
2025-10-17 20:23:03 [main] INFO  o.a.catalina.core.StandardService - [userId:] Starting service [Tomcat]
2025-10-17 20:23:03 [main] INFO  o.a.catalina.core.StandardEngine - [userId:] Starting Servlet engine: [Apache Tomcat/10.1.19]
2025-10-17 20:23:03 [main] INFO  o.a.c.c.C.[Tomcat].[localhost].[/] - [userId:] Initializing Spring embedded WebApplicationContext
2025-10-17 20:23:03 [main] INFO  o.s.b.w.s.c.ServletWebServerApplicationContext - [userId:] Root WebApplicationContext: initialization completed in 2038 ms
2025-10-17 20:23:03 [main] DEBUG c.e.security.JwtAuthFilter - [userId:] Filter 'jwtAuthFilter' configured for use
2025-10-17 20:23:03 [main] INFO  o.h.jpa.internal.util.LogHelper - [userId:] HHH000204: Processing PersistenceUnitInfo [name: default]
2025-10-17 20:23:03 [main] INFO  org.hibernate.Version - [userId:] HHH000412: Hibernate ORM core version 6.4.4.Final
2025-10-17 20:23:03 [main] INFO  o.h.c.i.RegionFactoryInitiator - [userId:] HHH000026: Second-level cache disabled
2025-10-17 20:23:04 [main] INFO  o.s.o.j.p.SpringPersistenceUnitInfo - [userId:] No LoadTimeWeaver setup: ignoring JPA class transformer
2025-10-17 20:23:04 [main] INFO  com.zaxxer.hikari.HikariDataSource - [userId:] HikariPool-1 - Starting...
2025-10-17 20:23:04 [main] INFO  com.zaxxer.hikari.pool.HikariPool - [userId:] HikariPool-1 - Added connection com.mysql.cj.jdbc.ConnectionImpl@bc52a41
2025-10-17 20:23:04 [main] INFO  com.zaxxer.hikari.HikariDataSource - [userId:] HikariPool-1 - Start completed.
2025-10-17 20:23:04 [main] WARN  org.hibernate.orm.deprecation - [userId:] HHH90000025: MySQL8Dialect does not need to be specified explicitly using 'hibernate.dialect' (remove the property setting and it will be selected by default)
2025-10-17 20:23:04 [main] WARN  org.hibernate.orm.deprecation - [userId:] HHH90000026: MySQL8Dialect has been deprecated; use org.hibernate.dialect.MySQLDialect instead
2025-10-17 20:23:05 [main] INFO  o.h.e.t.j.p.i.JtaPlatformInitiator - [userId:] HHH000489: No JTA platform available (set 'hibernate.transaction.jta.platform' to enable JTA platform integration)
2025-10-17 20:23:05 [main] INFO  o.s.o.j.LocalContainerEntityManagerFactoryBean - [userId:] Initialized JPA EntityManagerFactory for persistence unit 'default'
2025-10-17 20:23:06 [main] INFO  o.s.d.j.r.query.QueryEnhancerFactory - [userId:] Hibernate is in classpath; If applicable, HQL parser will be used.
2025-10-17 20:23:07 [main] WARN  o.s.b.a.o.j.JpaBaseConfiguration$JpaWebConfiguration - [userId:] spring.jpa.open-in-view is enabled by default. Therefore, database queries may be performed during view rendering. Explicitly configure spring.jpa.open-in-view to disable this warning
2025-10-17 20:23:07 [main] INFO  o.s.b.a.e.web.EndpointLinksResolver - [userId:] Exposing 1 endpoint(s) beneath base path '/actuator'
2025-10-17 20:23:07 [main] INFO  o.s.s.web.DefaultSecurityFilterChain - [userId:] Will secure any request with [org.springframework.security.web.session.DisableEncodeUrlFilter@71da2e9e, org.springframework.security.web.context.request.async.WebAsyncManagerIntegrationFilter@19a71722, org.springframework.security.web.context.SecurityContextHolderFilter@4ebd3d4c, org.springframework.security.web.header.HeaderWriterFilter@4148a617, org.springframework.web.filter.CorsFilter@5e30ea7c, org.springframework.security.web.authentication.logout.LogoutFilter@29fe45a3, com.examplatform.security.JwtAuthFilter@1d60059f, org.springframework.security.web.savedrequest.RequestCacheAwareFilter@37ea5612, org.springframework.security.web.servletapi.SecurityContextHolderAwareRequestFilter@23b085ab, org.springframework.security.web.authentication.AnonymousAuthenticationFilter@79b9ed8d, org.springframework.security.web.session.SessionManagementFilter@79f8af90, org.springframework.security.web.access.ExceptionTranslationFilter@24328fca, org.springframework.security.web.access.intercept.AuthorizationFilter@20c048cc]
2025-10-17 20:23:08 [main] INFO  o.s.b.w.e.tomcat.TomcatWebServer - [userId:] Tomcat started on port 8080 (http) with context path ''
2025-10-17 20:23:08 [main] INFO  c.e.ExamPlatformApplication - [userId:] Started ExamPlatformApplication in 7.742 seconds (process running for 8.533)
2025-10-17 20:23:08 [RMI TCP Connection(2)-127.0.0.1] INFO  o.a.c.c.C.[Tomcat].[localhost].[/] - [userId:] Initializing Spring DispatcherServlet 'dispatcherServlet'
2025-10-17 20:23:08 [RMI TCP Connection(2)-127.0.0.1] INFO  o.s.web.servlet.DispatcherServlet - [userId:] Initializing Servlet 'dispatcherServlet'
2025-10-17 20:23:08 [RMI TCP Connection(2)-127.0.0.1] INFO  o.s.web.servlet.DispatcherServlet - [userId:] Completed initialization in 1 ms
2025-10-17 20:27:19 [SpringApplicationShutdownHook] INFO  o.s.o.j.LocalContainerEntityManagerFactoryBean - [userId:] Closing JPA EntityManagerFactory for persistence unit 'default'
2025-10-17 20:27:19 [SpringApplicationShutdownHook] INFO  com.zaxxer.hikari.HikariDataSource - [userId:] HikariPool-1 - Shutdown initiated...
2025-10-17 20:27:19 [SpringApplicationShutdownHook] INFO  com.zaxxer.hikari.HikariDataSource - [userId:] HikariPool-1 - Shutdown completed.
2025-10-17 20:27:22 [main] INFO  c.e.ExamPlatformApplication - [userId:] Starting ExamPlatformApplication using Java 21.0.1 with PID 50291 (/Users/piyushjoshi/ExamManagementSystem/backend/target/classes started by piyushjoshi in /Users/piyushjoshi/ExamManagementSystem)
2025-10-17 20:27:22 [main] DEBUG c.e.ExamPlatformApplication - [userId:] Running with Spring Boot v3.2.3, Spring v6.1.4
2025-10-17 20:27:22 [main] INFO  c.e.ExamPlatformApplication - [userId:] The following 1 profile is active: "local"
2025-10-17 20:27:23 [main] INFO  o.s.d.r.c.RepositoryConfigurationDelegate - [userId:] Bootstrapping Spring Data JPA repositories in DEFAULT mode.
2025-10-17 20:27:23 [main] INFO  o.s.d.r.c.RepositoryConfigurationDelegate - [userId:] Finished Spring Data repository scanning in 70 ms. Found 6 JPA repository interfaces.
2025-10-17 20:27:24 [main] INFO  o.s.b.w.e.tomcat.TomcatWebServer - [userId:] Tomcat initialized with port 8080 (http)
2025-10-17 20:27:24 [main] INFO  o.a.catalina.core.StandardService - [userId:] Starting service [Tomcat]
2025-10-17 20:27:24 [main] INFO  o.a.catalina.core.StandardEngine - [userId:] Starting Servlet engine: [Apache Tomcat/10.1.19]
2025-10-17 20:27:24 [main] INFO  o.a.c.c.C.[Tomcat].[localhost].[/] - [userId:] Initializing Spring embedded WebApplicationContext
2025-10-17 20:27:24 [main] INFO  o.s.b.w.s.c.ServletWebServerApplicationContext - [userId:] Root WebApplicationContext: initialization completed in 1986 ms
2025-10-17 20:27:24 [main] DEBUG c.e.security.JwtAuthFilter - [userId:] Filter 'jwtAuthFilter' configured for use
2025-10-17 20:27:24 [main] INFO  o.h.jpa.internal.util.LogHelper - [userId:] HHH000204: Processing PersistenceUnitInfo [name: default]
2025-10-17 20:27:24 [main] INFO  org.hibernate.Version - [userId:] HHH000412: Hibernate ORM core version 6.4.4.Final
2025-10-17 20:27:24 [main] INFO  o.h.c.i.RegionFactoryInitiator - [userId:] HHH000026: Second-level cache disabled
2025-10-17 20:27:25 [main] INFO  o.s.o.j.p.SpringPersistenceUnitInfo - [userId:] No LoadTimeWeaver setup: ignoring JPA class transformer
2025-10-17 20:27:25 [main] INFO  com.zaxxer.hikari.HikariDataSource - [userId:] HikariPool-1 - Starting...
2025-10-17 20:27:25 [main] INFO  com.zaxxer.hikari.pool.HikariPool - [userId:] HikariPool-1 - Added connection com.mysql.cj.jdbc.ConnectionImpl@3c2dda7c
2025-10-17 20:27:25 [main] INFO  com.zaxxer.hikari.HikariDataSource - [userId:] HikariPool-1 - Start completed.
2025-10-17 20:27:25 [main] WARN  org.hibernate.orm.deprecation - [userId:] HHH90000025: MySQL8Dialect does not need to be specified explicitly using 'hibernate.dialect' (remove the property setting and it will be selected by default)
2025-10-17 20:27:25 [main] WARN  org.hibernate.orm.deprecation - [userId:] HHH90000026: MySQL8Dialect has been deprecated; use org.hibernate.dialect.MySQLDialect instead
2025-10-17 20:27:26 [main] INFO  o.h.e.t.j.p.i.JtaPlatformInitiator - [userId:] HHH000489: No JTA platform available (set 'hibernate.transaction.jta.platform' to enable JTA platform integration)
2025-10-17 20:27:26 [main] INFO  o.s.o.j.LocalContainerEntityManagerFactoryBean - [userId:] Initialized JPA EntityManagerFactory for persistence unit 'default'
2025-10-17 20:27:27 [main] INFO  o.s.d.j.r.query.QueryEnhancerFactory - [userId:] Hibernate is in classpath; If applicable, HQL parser will be used.
2025-10-17 20:27:27 [main] WARN  o.s.b.a.o.j.JpaBaseConfiguration$JpaWebConfiguration - [userId:] spring.jpa.open-in-view is enabled by default. Therefore, database queries may be performed during view rendering. Explicitly configure spring.jpa.open-in-view to disable this warning
2025-10-17 20:27:28 [main] INFO  o.s.b.a.e.web.EndpointLinksResolver - [userId:] Exposing 1 endpoint(s) beneath base path '/actuator'
2025-10-17 20:27:28 [main] INFO  o.s.s.web.DefaultSecurityFilterChain - [userId:] Will secure any request with [org.springframework.security.web.session.DisableEncodeUrlFilter@70f0a3a3, org.springframework.security.web.context.request.async.WebAsyncManagerIntegrationFilter@4b16671e, org.springframework.security.web.context.SecurityContextHolderFilter@5b6b14a6, org.springframework.security.web.header.HeaderWriterFilter@55b89b11, org.springframework.web.filter.CorsFilter@6203cec, org.springframework.security.web.authentication.logout.LogoutFilter@3f3e21d7, com.examplatform.security.JwtAuthFilter@4db0ba1c, org.springframework.security.web.savedrequest.RequestCacheAwareFilter@61dcf21f, org.springframework.security.web.servletapi.SecurityContextHolderAwareRequestFilter@c94f221, org.springframework.security.web.authentication.AnonymousAuthenticationFilter@147b758f, org.springframework.security.web.session.SessionManagementFilter@32e2d117, org.springframework.security.web.access.ExceptionTranslationFilter@457d81d8, org.springframework.security.web.access.intercept.AuthorizationFilter@77ea06bb]
2025-10-17 20:27:29 [main] INFO  o.s.b.w.e.tomcat.TomcatWebServer - [userId:] Tomcat started on port 8080 (http) with context path ''
2025-10-17 20:27:29 [main] INFO  c.e.ExamPlatformApplication - [userId:] Started ExamPlatformApplication in 7.387 seconds (process running for 8.263)
2025-10-17 20:27:29 [RMI TCP Connection(2)-127.0.0.1] INFO  o.a.c.c.C.[Tomcat].[localhost].[/] - [userId:] Initializing Spring DispatcherServlet 'dispatcherServlet'
2025-10-17 20:27:29 [RMI TCP Connection(2)-127.0.0.1] INFO  o.s.web.servlet.DispatcherServlet - [userId:] Initializing Servlet 'dispatcherServlet'
2025-10-17 20:27:29 [RMI TCP Connection(2)-127.0.0.1] INFO  o.s.web.servlet.DispatcherServlet - [userId:] Completed initialization in 2 ms
2025-10-17 20:41:19 [SpringApplicationShutdownHook] INFO  o.s.o.j.LocalContainerEntityManagerFactoryBean - [userId:] Closing JPA EntityManagerFactory for persistence unit 'default'
2025-10-17 20:41:19 [SpringApplicationShutdownHook] INFO  com.zaxxer.hikari.HikariDataSource - [userId:] HikariPool-1 - Shutdown initiated...
2025-10-17 20:41:19 [SpringApplicationShutdownHook] INFO  com.zaxxer.hikari.HikariDataSource - [userId:] HikariPool-1 - Shutdown completed.
