2025-10-17 00:12:05 [SpringApplicationShutdownHook] INFO  o.s.o.j.LocalContainerEntityManagerFactoryBean - [userId:] Closing JPA EntityManagerFactory for persistence unit 'default'
2025-10-17 00:12:05 [SpringApplicationShutdownHook] INFO  com.zaxxer.hikari.HikariDataSource - [userId:] HikariPool-1 - Shutdown initiated...
2025-10-17 00:12:05 [SpringApplicationShutdownHook] INFO  com.zaxxer.hikari.HikariDataSource - [userId:] HikariPool-1 - Shutdown completed.
2025-10-17 19:36:31 [main] INFO  c.e.ExamPlatformApplication - [userId:] Starting ExamPlatformApplication using Java 21.0.1 with PID 44375 (/Users/piyushjoshi/ExamManagementSystem/backend/target/classes started by piyushjoshi in /Users/piyushjoshi/ExamManagementSystem)
2025-10-17 19:36:31 [main] DEBUG c.e.ExamPlatformApplication - [userId:] Running with Spring Boot v3.2.3, Spring v6.1.4
2025-10-17 19:36:31 [main] INFO  c.e.ExamPlatformApplication - [userId:] The following 1 profile is active: "local"
2025-10-17 19:36:33 [main] INFO  o.s.d.r.c.RepositoryConfigurationDelegate - [userId:] Bootstrapping Spring Data JPA repositories in DEFAULT mode.
2025-10-17 19:36:33 [main] INFO  o.s.d.r.c.RepositoryConfigurationDelegate - [userId:] Finished Spring Data repository scanning in 97 ms. Found 6 JPA repository interfaces.
2025-10-17 19:36:34 [main] INFO  o.s.b.w.e.tomcat.TomcatWebServer - [userId:] Tomcat initialized with port 8080 (http)
2025-10-17 19:36:34 [main] INFO  o.a.catalina.core.StandardService - [userId:] Starting service [Tomcat]
2025-10-17 19:36:34 [main] INFO  o.a.catalina.core.StandardEngine - [userId:] Starting Servlet engine: [Apache Tomcat/10.1.19]
2025-10-17 19:36:34 [main] INFO  o.a.c.c.C.[Tomcat].[localhost].[/] - [userId:] Initializing Spring embedded WebApplicationContext
2025-10-17 19:36:34 [main] INFO  o.s.b.w.s.c.ServletWebServerApplicationContext - [userId:] Root WebApplicationContext: initialization completed in 2701 ms
2025-10-17 19:36:34 [main] DEBUG c.e.security.JwtAuthFilter - [userId:] Filter 'jwtAuthFilter' configured for use
2025-10-17 19:36:34 [main] INFO  o.h.jpa.internal.util.LogHelper - [userId:] HHH000204: Processing PersistenceUnitInfo [name: default]
2025-10-17 19:36:35 [main] INFO  org.hibernate.Version - [userId:] HHH000412: Hibernate ORM core version 6.4.4.Final
2025-10-17 19:36:35 [main] INFO  o.h.c.i.RegionFactoryInitiator - [userId:] HHH000026: Second-level cache disabled
2025-10-17 19:36:35 [main] INFO  o.s.o.j.p.SpringPersistenceUnitInfo - [userId:] No LoadTimeWeaver setup: ignoring JPA class transformer
2025-10-17 19:36:35 [main] INFO  com.zaxxer.hikari.HikariDataSource - [userId:] HikariPool-1 - Starting...
2025-10-17 19:36:36 [main] ERROR com.zaxxer.hikari.pool.HikariPool - [userId:] HikariPool-1 - Exception during pool initialization.
com.mysql.cj.jdbc.exceptions.CommunicationsException: Communications link failure

The last packet sent successfully to the server was 0 milliseconds ago. The driver has not received any packets from the server.
	at com.mysql.cj.jdbc.exceptions.SQLError.createCommunicationsException(SQLError.java:174)
	at com.mysql.cj.jdbc.exceptions.SQLExceptionsMapping.translateException(SQLExceptionsMapping.java:64)
	at com.mysql.cj.jdbc.ConnectionImpl.createNewIO(ConnectionImpl.java:815)
	at com.mysql.cj.jdbc.ConnectionImpl.<init>(ConnectionImpl.java:438)
	at com.mysql.cj.jdbc.ConnectionImpl.getInstance(ConnectionImpl.java:241)
	at com.mysql.cj.jdbc.NonRegisteringDriver.connect(NonRegisteringDriver.java:189)
	at com.zaxxer.hikari.util.DriverDataSource.getConnection(DriverDataSource.java:138)
	at com.zaxxer.hikari.pool.PoolBase.newConnection(PoolBase.java:359)
	at com.zaxxer.hikari.pool.PoolBase.newPoolEntry(PoolBase.java:201)
	at com.zaxxer.hikari.pool.HikariPool.createPoolEntry(HikariPool.java:470)
	at com.zaxxer.hikari.pool.HikariPool.checkFailFast(HikariPool.java:561)
	at com.zaxxer.hikari.pool.HikariPool.<init>(HikariPool.java:100)
	at com.zaxxer.hikari.HikariDataSource.getConnection(HikariDataSource.java:112)
	at org.hibernate.engine.jdbc.connections.internal.DatasourceConnectionProviderImpl.getConnection(DatasourceConnectionProviderImpl.java:122)
	at org.hibernate.engine.jdbc.env.internal.JdbcEnvironmentInitiator$ConnectionProviderJdbcConnectionAccess.obtainConnection(JdbcEnvironmentInitiator.java:428)
	at org.hibernate.resource.transaction.backend.jdbc.internal.JdbcIsolationDelegate.delegateWork(JdbcIsolationDelegate.java:61)
	at org.hibernate.engine.jdbc.env.internal.JdbcEnvironmentInitiator.getJdbcEnvironmentUsingJdbcMetadata(JdbcEnvironmentInitiator.java:276)
	at org.hibernate.engine.jdbc.env.internal.JdbcEnvironmentInitiator.initiateService(JdbcEnvironmentInitiator.java:107)
	at org.hibernate.engine.jdbc.env.internal.JdbcEnvironmentInitiator.initiateService(JdbcEnvironmentInitiator.java:68)
	at org.hibernate.boot.registry.internal.StandardServiceRegistryImpl.initiateService(StandardServiceRegistryImpl.java:130)
	at org.hibernate.service.internal.AbstractServiceRegistryImpl.createService(AbstractServiceRegistryImpl.java:263)
	at org.hibernate.service.internal.AbstractServiceRegistryImpl.initializeService(AbstractServiceRegistryImpl.java:238)
	at org.hibernate.service.internal.AbstractServiceRegistryImpl.getService(AbstractServiceRegistryImpl.java:215)
	at org.hibernate.boot.model.relational.Database.<init>(Database.java:45)
	at org.hibernate.boot.internal.InFlightMetadataCollectorImpl.getDatabase(InFlightMetadataCollectorImpl.java:223)
	at org.hibernate.boot.internal.InFlightMetadataCollectorImpl.<init>(InFlightMetadataCollectorImpl.java:191)
	at org.hibernate.boot.model.process.spi.MetadataBuildingProcess.complete(MetadataBuildingProcess.java:170)
	at org.hibernate.jpa.boot.internal.EntityManagerFactoryBuilderImpl.metadata(EntityManagerFactoryBuilderImpl.java:1432)
	at org.hibernate.jpa.boot.internal.EntityManagerFactoryBuilderImpl.build(EntityManagerFactoryBuilderImpl.java:1503)
	at org.springframework.orm.jpa.vendor.SpringHibernateJpaPersistenceProvider.createContainerEntityManagerFactory(SpringHibernateJpaPersistenceProvider.java:75)
	at org.springframework.orm.jpa.LocalContainerEntityManagerFactoryBean.createNativeEntityManagerFactory(LocalContainerEntityManagerFactoryBean.java:388)
	at org.springframework.orm.jpa.AbstractEntityManagerFactoryBean.buildNativeEntityManagerFactory(AbstractEntityManagerFactoryBean.java:409)
	at org.springframework.orm.jpa.AbstractEntityManagerFactoryBean.afterPropertiesSet(AbstractEntityManagerFactoryBean.java:396)
	at org.springframework.orm.jpa.LocalContainerEntityManagerFactoryBean.afterPropertiesSet(LocalContainerEntityManagerFactoryBean.java:364)
	at org.springframework.beans.factory.support.AbstractAutowireCapableBeanFactory.invokeInitMethods(AbstractAutowireCapableBeanFactory.java:1833)
	at org.springframework.beans.factory.support.AbstractAutowireCapableBeanFactory.initializeBean(AbstractAutowireCapableBeanFactory.java:1782)
	at org.springframework.beans.factory.support.AbstractAutowireCapableBeanFactory.doCreateBean(AbstractAutowireCapableBeanFactory.java:600)
	at org.springframework.beans.factory.support.AbstractAutowireCapableBeanFactory.createBean(AbstractAutowireCapableBeanFactory.java:522)
	at org.springframework.beans.factory.support.AbstractBeanFactory.lambda$doGetBean$0(AbstractBeanFactory.java:325)
	at org.springframework.beans.factory.support.DefaultSingletonBeanRegistry.getSingleton(DefaultSingletonBeanRegistry.java:234)
	at org.springframework.beans.factory.support.AbstractBeanFactory.doGetBean(AbstractBeanFactory.java:323)
	at org.springframework.beans.factory.support.AbstractBeanFactory.getBean(AbstractBeanFactory.java:199)
	at org.springframework.context.support.AbstractApplicationContext.getBean(AbstractApplicationContext.java:1231)
	at org.springframework.context.support.AbstractApplicationContext.finishBeanFactoryInitialization(AbstractApplicationContext.java:949)
	at org.springframework.context.support.AbstractApplicationContext.refresh(AbstractApplicationContext.java:624)
	at org.springframework.boot.web.servlet.context.ServletWebServerApplicationContext.refresh(ServletWebServerApplicationContext.java:146)
	at org.springframework.boot.SpringApplication.refresh(SpringApplication.java:754)
	at org.springframework.boot.SpringApplication.refreshContext(SpringApplication.java:456)
	at org.springframework.boot.SpringApplication.run(SpringApplication.java:334)
	at org.springframework.boot.SpringApplication.run(SpringApplication.java:1354)
	at org.springframework.boot.SpringApplication.run(SpringApplication.java:1343)
	at com.examplatform.ExamPlatformApplication.main(ExamPlatformApplication.java:10)
Caused by: com.mysql.cj.exceptions.CJCommunicationsException: Communications link failure

The last packet sent successfully to the server was 0 milliseconds ago. The driver has not received any packets from the server.
	at java.base/jdk.internal.reflect.DirectConstructorHandleAccessor.newInstance(DirectConstructorHandleAccessor.java:62)
	at java.base/java.lang.reflect.Constructor.newInstanceWithCaller(Constructor.java:502)
	at java.base/java.lang.reflect.Constructor.newInstance(Constructor.java:486)
	at com.mysql.cj.exceptions.ExceptionFactory.createException(ExceptionFactory.java:61)
	at com.mysql.cj.exceptions.ExceptionFactory.createException(ExceptionFactory.java:104)
	at com.mysql.cj.exceptions.ExceptionFactory.createException(ExceptionFactory.java:149)
	at com.mysql.cj.exceptions.ExceptionFactory.createCommunicationsException(ExceptionFactory.java:165)
	at com.mysql.cj.protocol.a.NativeSocketConnection.connect(NativeSocketConnection.java:88)
	at com.mysql.cj.NativeSession.connect(NativeSession.java:120)
	at com.mysql.cj.jdbc.ConnectionImpl.connectOneTryOnly(ConnectionImpl.java:935)
	at com.mysql.cj.jdbc.ConnectionImpl.createNewIO(ConnectionImpl.java:805)
	... 49 common frames omitted
Caused by: java.net.ConnectException: Connection refused
	at java.base/sun.nio.ch.Net.pollConnect(Native Method)
	at java.base/sun.nio.ch.Net.pollConnectNow(Net.java:682)
	at java.base/sun.nio.ch.NioSocketImpl.timedFinishConnect(NioSocketImpl.java:549)
	at java.base/sun.nio.ch.NioSocketImpl.connect(NioSocketImpl.java:592)
	at java.base/java.net.SocksSocketImpl.connect(SocksSocketImpl.java:327)
	at java.base/java.net.Socket.connect(Socket.java:751)
	at com.mysql.cj.protocol.StandardSocketFactory.connect(StandardSocketFactory.java:153)
	at com.mysql.cj.protocol.a.NativeSocketConnection.connect(NativeSocketConnection.java:62)
	... 52 common frames omitted
2025-10-17 19:36:36 [main] WARN  o.h.e.j.e.i.JdbcEnvironmentInitiator - [userId:] HHH000342: Could not obtain connection to query metadata
java.lang.NullPointerException: Cannot invoke "org.hibernate.engine.jdbc.spi.SqlExceptionHelper.convert(java.sql.SQLException, String)" because the return value of "org.hibernate.resource.transaction.backend.jdbc.internal.JdbcIsolationDelegate.sqlExceptionHelper()" is null
	at org.hibernate.resource.transaction.backend.jdbc.internal.JdbcIsolationDelegate.delegateWork(JdbcIsolationDelegate.java:116)
	at org.hibernate.engine.jdbc.env.internal.JdbcEnvironmentInitiator.getJdbcEnvironmentUsingJdbcMetadata(JdbcEnvironmentInitiator.java:276)
	at org.hibernate.engine.jdbc.env.internal.JdbcEnvironmentInitiator.initiateService(JdbcEnvironmentInitiator.java:107)
	at org.hibernate.engine.jdbc.env.internal.JdbcEnvironmentInitiator.initiateService(JdbcEnvironmentInitiator.java:68)
	at org.hibernate.boot.registry.internal.StandardServiceRegistryImpl.initiateService(StandardServiceRegistryImpl.java:130)
	at org.hibernate.service.internal.AbstractServiceRegistryImpl.createService(AbstractServiceRegistryImpl.java:263)
	at org.hibernate.service.internal.AbstractServiceRegistryImpl.initializeService(AbstractServiceRegistryImpl.java:238)
	at org.hibernate.service.internal.AbstractServiceRegistryImpl.getService(AbstractServiceRegistryImpl.java:215)
	at org.hibernate.boot.model.relational.Database.<init>(Database.java:45)
	at org.hibernate.boot.internal.InFlightMetadataCollectorImpl.getDatabase(InFlightMetadataCollectorImpl.java:223)
	at org.hibernate.boot.internal.InFlightMetadataCollectorImpl.<init>(InFlightMetadataCollectorImpl.java:191)
	at org.hibernate.boot.model.process.spi.MetadataBuildingProcess.complete(MetadataBuildingProcess.java:170)
	at org.hibernate.jpa.boot.internal.EntityManagerFactoryBuilderImpl.metadata(EntityManagerFactoryBuilderImpl.java:1432)
	at org.hibernate.jpa.boot.internal.EntityManagerFactoryBuilderImpl.build(EntityManagerFactoryBuilderImpl.java:1503)
	at org.springframework.orm.jpa.vendor.SpringHibernateJpaPersistenceProvider.createContainerEntityManagerFactory(SpringHibernateJpaPersistenceProvider.java:75)
	at org.springframework.orm.jpa.LocalContainerEntityManagerFactoryBean.createNativeEntityManagerFactory(LocalContainerEntityManagerFactoryBean.java:388)
	at org.springframework.orm.jpa.AbstractEntityManagerFactoryBean.buildNativeEntityManagerFactory(AbstractEntityManagerFactoryBean.java:409)
	at org.springframework.orm.jpa.AbstractEntityManagerFactoryBean.afterPropertiesSet(AbstractEntityManagerFactoryBean.java:396)
	at org.springframework.orm.jpa.LocalContainerEntityManagerFactoryBean.afterPropertiesSet(LocalContainerEntityManagerFactoryBean.java:364)
	at org.springframework.beans.factory.support.AbstractAutowireCapableBeanFactory.invokeInitMethods(AbstractAutowireCapableBeanFactory.java:1833)
	at org.springframework.beans.factory.support.AbstractAutowireCapableBeanFactory.initializeBean(AbstractAutowireCapableBeanFactory.java:1782)
	at org.springframework.beans.factory.support.AbstractAutowireCapableBeanFactory.doCreateBean(AbstractAutowireCapableBeanFactory.java:600)
	at org.springframework.beans.factory.support.AbstractAutowireCapableBeanFactory.createBean(AbstractAutowireCapableBeanFactory.java:522)
	at org.springframework.beans.factory.support.AbstractBeanFactory.lambda$doGetBean$0(AbstractBeanFactory.java:325)
	at org.springframework.beans.factory.support.DefaultSingletonBeanRegistry.getSingleton(DefaultSingletonBeanRegistry.java:234)
	at org.springframework.beans.factory.support.AbstractBeanFactory.doGetBean(AbstractBeanFactory.java:323)
	at org.springframework.beans.factory.support.AbstractBeanFactory.getBean(AbstractBeanFactory.java:199)
	at org.springframework.context.support.AbstractApplicationContext.getBean(AbstractApplicationContext.java:1231)
	at org.springframework.context.support.AbstractApplicationContext.finishBeanFactoryInitialization(AbstractApplicationContext.java:949)
	at org.springframework.context.support.AbstractApplicationContext.refresh(AbstractApplicationContext.java:624)
	at org.springframework.boot.web.servlet.context.ServletWebServerApplicationContext.refresh(ServletWebServerApplicationContext.java:146)
	at org.springframework.boot.SpringApplication.refresh(SpringApplication.java:754)
	at org.springframework.boot.SpringApplication.refreshContext(SpringApplication.java:456)
	at org.springframework.boot.SpringApplication.run(SpringApplication.java:334)
	at org.springframework.boot.SpringApplication.run(SpringApplication.java:1354)
	at org.springframework.boot.SpringApplication.run(SpringApplication.java:1343)
	at com.examplatform.ExamPlatformApplication.main(ExamPlatformApplication.java:10)
2025-10-17 19:36:36 [main] WARN  org.hibernate.orm.deprecation - [userId:] HHH90000025: MySQL8Dialect does not need to be specified explicitly using 'hibernate.dialect' (remove the property setting and it will be selected by default)
2025-10-17 19:36:36 [main] WARN  org.hibernate.orm.deprecation - [userId:] HHH90000026: MySQL8Dialect has been deprecated; use org.hibernate.dialect.MySQLDialect instead
2025-10-17 19:36:38 [main] INFO  o.h.e.t.j.p.i.JtaPlatformInitiator - [userId:] HHH000489: No JTA platform available (set 'hibernate.transaction.jta.platform' to enable JTA platform integration)
2025-10-17 19:36:38 [main] INFO  com.zaxxer.hikari.HikariDataSource - [userId:] HikariPool-1 - Starting...
2025-10-17 19:36:39 [main] ERROR com.zaxxer.hikari.pool.HikariPool - [userId:] HikariPool-1 - Exception during pool initialization.
com.mysql.cj.jdbc.exceptions.CommunicationsException: Communications link failure

The last packet sent successfully to the server was 0 milliseconds ago. The driver has not received any packets from the server.
	at com.mysql.cj.jdbc.exceptions.SQLError.createCommunicationsException(SQLError.java:174)
	at com.mysql.cj.jdbc.exceptions.SQLExceptionsMapping.translateException(SQLExceptionsMapping.java:64)
	at com.mysql.cj.jdbc.ConnectionImpl.createNewIO(ConnectionImpl.java:815)
	at com.mysql.cj.jdbc.ConnectionImpl.<init>(ConnectionImpl.java:438)
	at com.mysql.cj.jdbc.ConnectionImpl.getInstance(ConnectionImpl.java:241)
	at com.mysql.cj.jdbc.NonRegisteringDriver.connect(NonRegisteringDriver.java:189)
	at com.zaxxer.hikari.util.DriverDataSource.getConnection(DriverDataSource.java:138)
	at com.zaxxer.hikari.pool.PoolBase.newConnection(PoolBase.java:359)
	at com.zaxxer.hikari.pool.PoolBase.newPoolEntry(PoolBase.java:201)
	at com.zaxxer.hikari.pool.HikariPool.createPoolEntry(HikariPool.java:470)
	at com.zaxxer.hikari.pool.HikariPool.checkFailFast(HikariPool.java:561)
	at com.zaxxer.hikari.pool.HikariPool.<init>(HikariPool.java:100)
	at com.zaxxer.hikari.HikariDataSource.getConnection(HikariDataSource.java:112)
	at org.hibernate.engine.jdbc.connections.internal.DatasourceConnectionProviderImpl.getConnection(DatasourceConnectionProviderImpl.java:122)
	at org.hibernate.engine.jdbc.env.internal.JdbcEnvironmentInitiator$ConnectionProviderJdbcConnectionAccess.obtainConnection(JdbcEnvironmentInitiator.java:428)
	at org.hibernate.resource.transaction.backend.jdbc.internal.DdlTransactionIsolatorNonJtaImpl.getIsolatedConnection(DdlTransactionIsolatorNonJtaImpl.java:46)
	at org.hibernate.resource.transaction.backend.jdbc.internal.DdlTransactionIsolatorNonJtaImpl.getIsolatedConnection(DdlTransactionIsolatorNonJtaImpl.java:39)
	at org.hibernate.tool.schema.internal.exec.ImprovedExtractionContextImpl.getJdbcConnection(ImprovedExtractionContextImpl.java:63)
	at org.hibernate.tool.schema.internal.exec.ImprovedExtractionContextImpl.getJdbcDatabaseMetaData(ImprovedExtractionContextImpl.java:70)
	at org.hibernate.tool.schema.extract.internal.InformationExtractorJdbcDatabaseMetaDataImpl.processTableResultSet(InformationExtractorJdbcDatabaseMetaDataImpl.java:64)
	at org.hibernate.tool.schema.extract.internal.AbstractInformationExtractorImpl.getTables(AbstractInformationExtractorImpl.java:570)
	at org.hibernate.tool.schema.extract.internal.DatabaseInformationImpl.getTablesInformation(DatabaseInformationImpl.java:122)
	at org.hibernate.tool.schema.internal.GroupedSchemaMigratorImpl.performTablesMigration(GroupedSchemaMigratorImpl.java:72)
	at org.hibernate.tool.schema.internal.AbstractSchemaMigrator.performMigration(AbstractSchemaMigrator.java:232)
	at org.hibernate.tool.schema.internal.AbstractSchemaMigrator.doMigration(AbstractSchemaMigrator.java:117)
	at org.hibernate.tool.schema.spi.SchemaManagementToolCoordinator.performDatabaseAction(SchemaManagementToolCoordinator.java:286)
	at org.hibernate.tool.schema.spi.SchemaManagementToolCoordinator.lambda$process$5(SchemaManagementToolCoordinator.java:145)
	at java.base/java.util.HashMap.forEach(HashMap.java:1429)
	at org.hibernate.tool.schema.spi.SchemaManagementToolCoordinator.process(SchemaManagementToolCoordinator.java:142)
	at org.hibernate.boot.internal.SessionFactoryObserverForSchemaExport.sessionFactoryCreated(SessionFactoryObserverForSchemaExport.java:37)
	at org.hibernate.internal.SessionFactoryObserverChain.sessionFactoryCreated(SessionFactoryObserverChain.java:35)
	at org.hibernate.internal.SessionFactoryImpl.<init>(SessionFactoryImpl.java:315)
	at org.hibernate.boot.internal.SessionFactoryBuilderImpl.build(SessionFactoryBuilderImpl.java:450)
	at org.hibernate.jpa.boot.internal.EntityManagerFactoryBuilderImpl.build(EntityManagerFactoryBuilderImpl.java:1507)
	at org.springframework.orm.jpa.vendor.SpringHibernateJpaPersistenceProvider.createContainerEntityManagerFactory(SpringHibernateJpaPersistenceProvider.java:75)
	at org.springframework.orm.jpa.LocalContainerEntityManagerFactoryBean.createNativeEntityManagerFactory(LocalContainerEntityManagerFactoryBean.java:388)
	at org.springframework.orm.jpa.AbstractEntityManagerFactoryBean.buildNativeEntityManagerFactory(AbstractEntityManagerFactoryBean.java:409)
	at org.springframework.orm.jpa.AbstractEntityManagerFactoryBean.afterPropertiesSet(AbstractEntityManagerFactoryBean.java:396)
	at org.springframework.orm.jpa.LocalContainerEntityManagerFactoryBean.afterPropertiesSet(LocalContainerEntityManagerFactoryBean.java:364)
	at org.springframework.beans.factory.support.AbstractAutowireCapableBeanFactory.invokeInitMethods(AbstractAutowireCapableBeanFactory.java:1833)
	at org.springframework.beans.factory.support.AbstractAutowireCapableBeanFactory.initializeBean(AbstractAutowireCapableBeanFactory.java:1782)
	at org.springframework.beans.factory.support.AbstractAutowireCapableBeanFactory.doCreateBean(AbstractAutowireCapableBeanFactory.java:600)
	at org.springframework.beans.factory.support.AbstractAutowireCapableBeanFactory.createBean(AbstractAutowireCapableBeanFactory.java:522)
	at org.springframework.beans.factory.support.AbstractBeanFactory.lambda$doGetBean$0(AbstractBeanFactory.java:325)
	at org.springframework.beans.factory.support.DefaultSingletonBeanRegistry.getSingleton(DefaultSingletonBeanRegistry.java:234)
	at org.springframework.beans.factory.support.AbstractBeanFactory.doGetBean(AbstractBeanFactory.java:323)
	at org.springframework.beans.factory.support.AbstractBeanFactory.getBean(AbstractBeanFactory.java:199)
	at org.springframework.context.support.AbstractApplicationContext.getBean(AbstractApplicationContext.java:1231)
	at org.springframework.context.support.AbstractApplicationContext.finishBeanFactoryInitialization(AbstractApplicationContext.java:949)
	at org.springframework.context.support.AbstractApplicationContext.refresh(AbstractApplicationContext.java:624)
	at org.springframework.boot.web.servlet.context.ServletWebServerApplicationContext.refresh(ServletWebServerApplicationContext.java:146)
	at org.springframework.boot.SpringApplication.refresh(SpringApplication.java:754)
	at org.springframework.boot.SpringApplication.refreshContext(SpringApplication.java:456)
	at org.springframework.boot.SpringApplication.run(SpringApplication.java:334)
	at org.springframework.boot.SpringApplication.run(SpringApplication.java:1354)
	at org.springframework.boot.SpringApplication.run(SpringApplication.java:1343)
	at com.examplatform.ExamPlatformApplication.main(ExamPlatformApplication.java:10)
Caused by: com.mysql.cj.exceptions.CJCommunicationsException: Communications link failure

The last packet sent successfully to the server was 0 milliseconds ago. The driver has not received any packets from the server.
	at java.base/jdk.internal.reflect.DirectConstructorHandleAccessor.newInstance(DirectConstructorHandleAccessor.java:62)
	at java.base/java.lang.reflect.Constructor.newInstanceWithCaller(Constructor.java:502)
	at java.base/java.lang.reflect.Constructor.newInstance(Constructor.java:486)
	at com.mysql.cj.exceptions.ExceptionFactory.createException(ExceptionFactory.java:61)
	at com.mysql.cj.exceptions.ExceptionFactory.createException(ExceptionFactory.java:104)
	at com.mysql.cj.exceptions.ExceptionFactory.createException(ExceptionFactory.java:149)
	at com.mysql.cj.exceptions.ExceptionFactory.createCommunicationsException(ExceptionFactory.java:165)
	at com.mysql.cj.protocol.a.NativeSocketConnection.connect(NativeSocketConnection.java:88)
	at com.mysql.cj.NativeSession.connect(NativeSession.java:120)
	at com.mysql.cj.jdbc.ConnectionImpl.connectOneTryOnly(ConnectionImpl.java:935)
	at com.mysql.cj.jdbc.ConnectionImpl.createNewIO(ConnectionImpl.java:805)
	... 54 common frames omitted
Caused by: java.net.ConnectException: Connection refused
	at java.base/sun.nio.ch.Net.pollConnect(Native Method)
	at java.base/sun.nio.ch.Net.pollConnectNow(Net.java:682)
	at java.base/sun.nio.ch.NioSocketImpl.timedFinishConnect(NioSocketImpl.java:549)
	at java.base/sun.nio.ch.NioSocketImpl.connect(NioSocketImpl.java:592)
	at java.base/java.net.SocksSocketImpl.connect(SocksSocketImpl.java:327)
	at java.base/java.net.Socket.connect(Socket.java:751)
	at com.mysql.cj.protocol.StandardSocketFactory.connect(StandardSocketFactory.java:153)
	at com.mysql.cj.protocol.a.NativeSocketConnection.connect(NativeSocketConnection.java:62)
	... 57 common frames omitted
2025-10-17 19:36:39 [main] WARN  o.h.e.jdbc.spi.SqlExceptionHelper - [userId:] SQL Error: 0, SQLState: 08S01
2025-10-17 19:36:39 [main] ERROR o.h.e.jdbc.spi.SqlExceptionHelper - [userId:] Communications link failure

The last packet sent successfully to the server was 0 milliseconds ago. The driver has not received any packets from the server.
2025-10-17 19:36:39 [main] ERROR o.s.o.j.LocalContainerEntityManagerFactoryBean - [userId:] Failed to initialize JPA EntityManagerFactory: [PersistenceUnit: default] Unable to build Hibernate SessionFactory; nested exception is org.hibernate.exception.JDBCConnectionException: Unable to open JDBC Connection for DDL execution [Communications link failure

The last packet sent successfully to the server was 0 milliseconds ago. The driver has not received any packets from the server.] [n/a]
2025-10-17 19:36:39 [main] WARN  o.s.b.w.s.c.AnnotationConfigServletWebServerApplicationContext - [userId:] Exception encountered during context initialization - cancelling refresh attempt: org.springframework.beans.factory.BeanCreationException: Error creating bean with name 'entityManagerFactory' defined in class path resource [org/springframework/boot/autoconfigure/orm/jpa/HibernateJpaConfiguration.class]: [PersistenceUnit: default] Unable to build Hibernate SessionFactory; nested exception is org.hibernate.exception.JDBCConnectionException: Unable to open JDBC Connection for DDL execution [Communications link failure

The last packet sent successfully to the server was 0 milliseconds ago. The driver has not received any packets from the server.] [n/a]
2025-10-17 19:36:39 [main] INFO  o.a.catalina.core.StandardService - [userId:] Stopping service [Tomcat]
2025-10-17 19:36:39 [main] INFO  o.s.b.a.l.ConditionEvaluationReportLogger - [userId:] 

Error starting ApplicationContext. To display the condition evaluation report re-run your application with 'debug' enabled.
2025-10-17 19:36:39 [main] ERROR o.s.boot.SpringApplication - [userId:] Application run failed
org.springframework.beans.factory.BeanCreationException: Error creating bean with name 'entityManagerFactory' defined in class path resource [org/springframework/boot/autoconfigure/orm/jpa/HibernateJpaConfiguration.class]: [PersistenceUnit: default] Unable to build Hibernate SessionFactory; nested exception is org.hibernate.exception.JDBCConnectionException: Unable to open JDBC Connection for DDL execution [Communications link failure

The last packet sent successfully to the server was 0 milliseconds ago. The driver has not received any packets from the server.] [n/a]
	at org.springframework.beans.factory.support.AbstractAutowireCapableBeanFactory.initializeBean(AbstractAutowireCapableBeanFactory.java:1786)
	at org.springframework.beans.factory.support.AbstractAutowireCapableBeanFactory.doCreateBean(AbstractAutowireCapableBeanFactory.java:600)
	at org.springframework.beans.factory.support.AbstractAutowireCapableBeanFactory.createBean(AbstractAutowireCapableBeanFactory.java:522)
	at org.springframework.beans.factory.support.AbstractBeanFactory.lambda$doGetBean$0(AbstractBeanFactory.java:325)
	at org.springframework.beans.factory.support.DefaultSingletonBeanRegistry.getSingleton(DefaultSingletonBeanRegistry.java:234)
	at org.springframework.beans.factory.support.AbstractBeanFactory.doGetBean(AbstractBeanFactory.java:323)
	at org.springframework.beans.factory.support.AbstractBeanFactory.getBean(AbstractBeanFactory.java:199)
	at org.springframework.context.support.AbstractApplicationContext.getBean(AbstractApplicationContext.java:1231)
	at org.springframework.context.support.AbstractApplicationContext.finishBeanFactoryInitialization(AbstractApplicationContext.java:949)
	at org.springframework.context.support.AbstractApplicationContext.refresh(AbstractApplicationContext.java:624)
	at org.springframework.boot.web.servlet.context.ServletWebServerApplicationContext.refresh(ServletWebServerApplicationContext.java:146)
	at org.springframework.boot.SpringApplication.refresh(SpringApplication.java:754)
	at org.springframework.boot.SpringApplication.refreshContext(SpringApplication.java:456)
	at org.springframework.boot.SpringApplication.run(SpringApplication.java:334)
	at org.springframework.boot.SpringApplication.run(SpringApplication.java:1354)
	at org.springframework.boot.SpringApplication.run(SpringApplication.java:1343)
	at com.examplatform.ExamPlatformApplication.main(ExamPlatformApplication.java:10)
Caused by: jakarta.persistence.PersistenceException: [PersistenceUnit: default] Unable to build Hibernate SessionFactory; nested exception is org.hibernate.exception.JDBCConnectionException: Unable to open JDBC Connection for DDL execution [Communications link failure

The last packet sent successfully to the server was 0 milliseconds ago. The driver has not received any packets from the server.] [n/a]
	at org.springframework.orm.jpa.AbstractEntityManagerFactoryBean.buildNativeEntityManagerFactory(AbstractEntityManagerFactoryBean.java:421)
	at org.springframework.orm.jpa.AbstractEntityManagerFactoryBean.afterPropertiesSet(AbstractEntityManagerFactoryBean.java:396)
	at org.springframework.orm.jpa.LocalContainerEntityManagerFactoryBean.afterPropertiesSet(LocalContainerEntityManagerFactoryBean.java:364)
	at org.springframework.beans.factory.support.AbstractAutowireCapableBeanFactory.invokeInitMethods(AbstractAutowireCapableBeanFactory.java:1833)
	at org.springframework.beans.factory.support.AbstractAutowireCapableBeanFactory.initializeBean(AbstractAutowireCapableBeanFactory.java:1782)
	... 16 common frames omitted
Caused by: org.hibernate.exception.JDBCConnectionException: Unable to open JDBC Connection for DDL execution [Communications link failure

The last packet sent successfully to the server was 0 milliseconds ago. The driver has not received any packets from the server.] [n/a]
	at org.hibernate.exception.internal.SQLStateConversionDelegate.convert(SQLStateConversionDelegate.java:100)
	at org.hibernate.exception.internal.StandardSQLExceptionConverter.convert(StandardSQLExceptionConverter.java:58)
	at org.hibernate.engine.jdbc.spi.SqlExceptionHelper.convert(SqlExceptionHelper.java:108)
	at org.hibernate.engine.jdbc.spi.SqlExceptionHelper.convert(SqlExceptionHelper.java:94)
	at org.hibernate.resource.transaction.backend.jdbc.internal.DdlTransactionIsolatorNonJtaImpl.getIsolatedConnection(DdlTransactionIsolatorNonJtaImpl.java:74)
	at org.hibernate.resource.transaction.backend.jdbc.internal.DdlTransactionIsolatorNonJtaImpl.getIsolatedConnection(DdlTransactionIsolatorNonJtaImpl.java:39)
	at org.hibernate.tool.schema.internal.exec.ImprovedExtractionContextImpl.getJdbcConnection(ImprovedExtractionContextImpl.java:63)
	at org.hibernate.tool.schema.internal.exec.ImprovedExtractionContextImpl.getJdbcDatabaseMetaData(ImprovedExtractionContextImpl.java:70)
	at org.hibernate.tool.schema.extract.internal.InformationExtractorJdbcDatabaseMetaDataImpl.processTableResultSet(InformationExtractorJdbcDatabaseMetaDataImpl.java:64)
	at org.hibernate.tool.schema.extract.internal.AbstractInformationExtractorImpl.getTables(AbstractInformationExtractorImpl.java:570)
	at org.hibernate.tool.schema.extract.internal.DatabaseInformationImpl.getTablesInformation(DatabaseInformationImpl.java:122)
	at org.hibernate.tool.schema.internal.GroupedSchemaMigratorImpl.performTablesMigration(GroupedSchemaMigratorImpl.java:72)
	at org.hibernate.tool.schema.internal.AbstractSchemaMigrator.performMigration(AbstractSchemaMigrator.java:232)
	at org.hibernate.tool.schema.internal.AbstractSchemaMigrator.doMigration(AbstractSchemaMigrator.java:117)
	at org.hibernate.tool.schema.spi.SchemaManagementToolCoordinator.performDatabaseAction(SchemaManagementToolCoordinator.java:286)
	at org.hibernate.tool.schema.spi.SchemaManagementToolCoordinator.lambda$process$5(SchemaManagementToolCoordinator.java:145)
	at java.base/java.util.HashMap.forEach(HashMap.java:1429)
	at org.hibernate.tool.schema.spi.SchemaManagementToolCoordinator.process(SchemaManagementToolCoordinator.java:142)
	at org.hibernate.boot.internal.SessionFactoryObserverForSchemaExport.sessionFactoryCreated(SessionFactoryObserverForSchemaExport.java:37)
	at org.hibernate.internal.SessionFactoryObserverChain.sessionFactoryCreated(SessionFactoryObserverChain.java:35)
	at org.hibernate.internal.SessionFactoryImpl.<init>(SessionFactoryImpl.java:315)
	at org.hibernate.boot.internal.SessionFactoryBuilderImpl.build(SessionFactoryBuilderImpl.java:450)
	at org.hibernate.jpa.boot.internal.EntityManagerFactoryBuilderImpl.build(EntityManagerFactoryBuilderImpl.java:1507)
	at org.springframework.orm.jpa.vendor.SpringHibernateJpaPersistenceProvider.createContainerEntityManagerFactory(SpringHibernateJpaPersistenceProvider.java:75)
	at org.springframework.orm.jpa.LocalContainerEntityManagerFactoryBean.createNativeEntityManagerFactory(LocalContainerEntityManagerFactoryBean.java:388)
	at org.springframework.orm.jpa.AbstractEntityManagerFactoryBean.buildNativeEntityManagerFactory(AbstractEntityManagerFactoryBean.java:409)
	... 20 common frames omitted
Caused by: com.mysql.cj.jdbc.exceptions.CommunicationsException: Communications link failure

The last packet sent successfully to the server was 0 milliseconds ago. The driver has not received any packets from the server.
	at com.mysql.cj.jdbc.exceptions.SQLError.createCommunicationsException(SQLError.java:174)
	at com.mysql.cj.jdbc.exceptions.SQLExceptionsMapping.translateException(SQLExceptionsMapping.java:64)
	at com.mysql.cj.jdbc.ConnectionImpl.createNewIO(ConnectionImpl.java:815)
	at com.mysql.cj.jdbc.ConnectionImpl.<init>(ConnectionImpl.java:438)
	at com.mysql.cj.jdbc.ConnectionImpl.getInstance(ConnectionImpl.java:241)
	at com.mysql.cj.jdbc.NonRegisteringDriver.connect(NonRegisteringDriver.java:189)
	at com.zaxxer.hikari.util.DriverDataSource.getConnection(DriverDataSource.java:138)
	at com.zaxxer.hikari.pool.PoolBase.newConnection(PoolBase.java:359)
	at com.zaxxer.hikari.pool.PoolBase.newPoolEntry(PoolBase.java:201)
	at com.zaxxer.hikari.pool.HikariPool.createPoolEntry(HikariPool.java:470)
	at com.zaxxer.hikari.pool.HikariPool.checkFailFast(HikariPool.java:561)
	at com.zaxxer.hikari.pool.HikariPool.<init>(HikariPool.java:100)
	at com.zaxxer.hikari.HikariDataSource.getConnection(HikariDataSource.java:112)
	at org.hibernate.engine.jdbc.connections.internal.DatasourceConnectionProviderImpl.getConnection(DatasourceConnectionProviderImpl.java:122)
	at org.hibernate.engine.jdbc.env.internal.JdbcEnvironmentInitiator$ConnectionProviderJdbcConnectionAccess.obtainConnection(JdbcEnvironmentInitiator.java:428)
	at org.hibernate.resource.transaction.backend.jdbc.internal.DdlTransactionIsolatorNonJtaImpl.getIsolatedConnection(DdlTransactionIsolatorNonJtaImpl.java:46)
	... 41 common frames omitted
Caused by: com.mysql.cj.exceptions.CJCommunicationsException: Communications link failure

The last packet sent successfully to the server was 0 milliseconds ago. The driver has not received any packets from the server.
	at java.base/jdk.internal.reflect.DirectConstructorHandleAccessor.newInstance(DirectConstructorHandleAccessor.java:62)
	at java.base/java.lang.reflect.Constructor.newInstanceWithCaller(Constructor.java:502)
	at java.base/java.lang.reflect.Constructor.newInstance(Constructor.java:486)
	at com.mysql.cj.exceptions.ExceptionFactory.createException(ExceptionFactory.java:61)
	at com.mysql.cj.exceptions.ExceptionFactory.createException(ExceptionFactory.java:104)
	at com.mysql.cj.exceptions.ExceptionFactory.createException(ExceptionFactory.java:149)
	at com.mysql.cj.exceptions.ExceptionFactory.createCommunicationsException(ExceptionFactory.java:165)
	at com.mysql.cj.protocol.a.NativeSocketConnection.connect(NativeSocketConnection.java:88)
	at com.mysql.cj.NativeSession.connect(NativeSession.java:120)
	at com.mysql.cj.jdbc.ConnectionImpl.connectOneTryOnly(ConnectionImpl.java:935)
	at com.mysql.cj.jdbc.ConnectionImpl.createNewIO(ConnectionImpl.java:805)
	... 54 common frames omitted
Caused by: java.net.ConnectException: Connection refused
	at java.base/sun.nio.ch.Net.pollConnect(Native Method)
	at java.base/sun.nio.ch.Net.pollConnectNow(Net.java:682)
	at java.base/sun.nio.ch.NioSocketImpl.timedFinishConnect(NioSocketImpl.java:549)
	at java.base/sun.nio.ch.NioSocketImpl.connect(NioSocketImpl.java:592)
	at java.base/java.net.SocksSocketImpl.connect(SocksSocketImpl.java:327)
	at java.base/java.net.Socket.connect(Socket.java:751)
	at com.mysql.cj.protocol.StandardSocketFactory.connect(StandardSocketFactory.java:153)
	at com.mysql.cj.protocol.a.NativeSocketConnection.connect(NativeSocketConnection.java:62)
	... 57 common frames omitted
2025-10-17 19:38:53 [main] INFO  c.e.ExamPlatformApplication - [userId:] Starting ExamPlatformApplication using Java 21.0.1 with PID 45392 (/Users/piyushjoshi/ExamManagementSystem/backend/target/classes started by piyushjoshi in /Users/piyushjoshi/ExamManagementSystem)
2025-10-17 19:38:53 [main] DEBUG c.e.ExamPlatformApplication - [userId:] Running with Spring Boot v3.2.3, Spring v6.1.4
2025-10-17 19:38:53 [main] INFO  c.e.ExamPlatformApplication - [userId:] The following 1 profile is active: "local"
2025-10-17 19:38:54 [main] INFO  o.s.d.r.c.RepositoryConfigurationDelegate - [userId:] Bootstrapping Spring Data JPA repositories in DEFAULT mode.
2025-10-17 19:38:54 [main] INFO  o.s.d.r.c.RepositoryConfigurationDelegate - [userId:] Finished Spring Data repository scanning in 123 ms. Found 6 JPA repository interfaces.
2025-10-17 19:38:55 [main] INFO  o.s.b.w.e.tomcat.TomcatWebServer - [userId:] Tomcat initialized with port 8080 (http)
2025-10-17 19:38:55 [main] INFO  o.a.catalina.core.StandardService - [userId:] Starting service [Tomcat]
2025-10-17 19:38:55 [main] INFO  o.a.catalina.core.StandardEngine - [userId:] Starting Servlet engine: [Apache Tomcat/10.1.19]
2025-10-17 19:38:55 [main] INFO  o.a.c.c.C.[Tomcat].[localhost].[/] - [userId:] Initializing Spring embedded WebApplicationContext
2025-10-17 19:38:55 [main] INFO  o.s.b.w.s.c.ServletWebServerApplicationContext - [userId:] Root WebApplicationContext: initialization completed in 2592 ms
2025-10-17 19:38:56 [main] DEBUG c.e.security.JwtAuthFilter - [userId:] Filter 'jwtAuthFilter' configured for use
2025-10-17 19:38:56 [main] INFO  o.h.jpa.internal.util.LogHelper - [userId:] HHH000204: Processing PersistenceUnitInfo [name: default]
2025-10-17 19:38:56 [main] INFO  org.hibernate.Version - [userId:] HHH000412: Hibernate ORM core version 6.4.4.Final
2025-10-17 19:38:56 [main] INFO  o.h.c.i.RegionFactoryInitiator - [userId:] HHH000026: Second-level cache disabled
2025-10-17 19:38:56 [main] INFO  o.s.o.j.p.SpringPersistenceUnitInfo - [userId:] No LoadTimeWeaver setup: ignoring JPA class transformer
2025-10-17 19:38:56 [main] INFO  com.zaxxer.hikari.HikariDataSource - [userId:] HikariPool-1 - Starting...
2025-10-17 19:38:57 [main] INFO  com.zaxxer.hikari.pool.HikariPool - [userId:] HikariPool-1 - Added connection com.mysql.cj.jdbc.ConnectionImpl@14b48f39
2025-10-17 19:38:57 [main] INFO  com.zaxxer.hikari.HikariDataSource - [userId:] HikariPool-1 - Start completed.
2025-10-17 19:38:57 [main] WARN  org.hibernate.orm.deprecation - [userId:] HHH90000025: MySQL8Dialect does not need to be specified explicitly using 'hibernate.dialect' (remove the property setting and it will be selected by default)
2025-10-17 19:38:57 [main] WARN  org.hibernate.orm.deprecation - [userId:] HHH90000026: MySQL8Dialect has been deprecated; use org.hibernate.dialect.MySQLDialect instead
2025-10-17 19:38:58 [main] INFO  o.h.e.t.j.p.i.JtaPlatformInitiator - [userId:] HHH000489: No JTA platform available (set 'hibernate.transaction.jta.platform' to enable JTA platform integration)
2025-10-17 19:38:58 [main] INFO  o.s.o.j.LocalContainerEntityManagerFactoryBean - [userId:] Initialized JPA EntityManagerFactory for persistence unit 'default'
2025-10-17 19:38:59 [main] INFO  o.s.d.j.r.query.QueryEnhancerFactory - [userId:] Hibernate is in classpath; If applicable, HQL parser will be used.
2025-10-17 19:39:00 [main] WARN  o.s.b.a.o.j.JpaBaseConfiguration$JpaWebConfiguration - [userId:] spring.jpa.open-in-view is enabled by default. Therefore, database queries may be performed during view rendering. Explicitly configure spring.jpa.open-in-view to disable this warning
2025-10-17 19:39:01 [main] INFO  o.s.b.a.e.web.EndpointLinksResolver - [userId:] Exposing 1 endpoint(s) beneath base path '/actuator'
2025-10-17 19:39:01 [main] INFO  o.s.s.web.DefaultSecurityFilterChain - [userId:] Will secure any request with [org.springframework.security.web.session.DisableEncodeUrlFilter@4daf3b31, org.springframework.security.web.context.request.async.WebAsyncManagerIntegrationFilter@332815a3, org.springframework.security.web.context.SecurityContextHolderFilter@788890e9, org.springframework.security.web.header.HeaderWriterFilter@7bf56370, org.springframework.web.filter.CorsFilter@607524ff, org.springframework.security.web.authentication.logout.LogoutFilter@3fa4702d, com.examplatform.security.JwtAuthFilter@7db5b890, org.springframework.security.web.savedrequest.RequestCacheAwareFilter@4ea78b91, org.springframework.security.web.servletapi.SecurityContextHolderAwareRequestFilter@329ab624, org.springframework.security.web.authentication.AnonymousAuthenticationFilter@4273c8be, org.springframework.security.web.session.SessionManagementFilter@71da2e9e, org.springframework.security.web.access.ExceptionTranslationFilter@2af97fb9, org.springframework.security.web.access.intercept.AuthorizationFilter@137b9be1]
2025-10-17 19:39:02 [main] INFO  o.s.b.w.e.tomcat.TomcatWebServer - [userId:] Tomcat started on port 8080 (http) with context path ''
2025-10-17 19:39:02 [main] INFO  c.e.ExamPlatformApplication - [userId:] Started ExamPlatformApplication in 9.699 seconds (process running for 10.795)
2025-10-17 19:39:02 [RMI TCP Connection(2)-127.0.0.1] INFO  o.a.c.c.C.[Tomcat].[localhost].[/] - [userId:] Initializing Spring DispatcherServlet 'dispatcherServlet'
2025-10-17 19:39:02 [RMI TCP Connection(2)-127.0.0.1] INFO  o.s.web.servlet.DispatcherServlet - [userId:] Initializing Servlet 'dispatcherServlet'
2025-10-17 19:39:02 [RMI TCP Connection(2)-127.0.0.1] INFO  o.s.web.servlet.DispatcherServlet - [userId:] Completed initialization in 3 ms
2025-10-17 20:11:15 [http-nio-8080-exec-1] DEBUG o.s.security.web.FilterChainProxy - [userId:] Securing OPTIONS /api/auth/login
2025-10-17 20:11:15 [http-nio-8080-exec-2] DEBUG o.s.security.web.FilterChainProxy - [userId:] Securing POST /api/auth/login
2025-10-17 20:11:15 [http-nio-8080-exec-2] DEBUG o.s.s.w.a.AnonymousAuthenticationFilter - [userId:] Set SecurityContextHolder to anonymous SecurityContext
2025-10-17 20:11:15 [http-nio-8080-exec-2] DEBUG o.s.security.web.FilterChainProxy - [userId:] Secured POST /api/auth/login
2025-10-17 20:11:16 [http-nio-8080-exec-2] INFO  c.e.service.AuthServiceImpl - [userId:] Starting process for id
2025-10-17 20:11:16 [http-nio-8080-exec-3] DEBUG o.s.security.web.FilterChainProxy - [userId:] Securing OPTIONS /api/students/courses
2025-10-17 20:11:16 [http-nio-8080-exec-4] DEBUG o.s.security.web.FilterChainProxy - [userId:] Securing OPTIONS /api/students/courses
2025-10-17 20:11:16 [http-nio-8080-exec-5] DEBUG o.s.security.web.FilterChainProxy - [userId:] Securing GET /api/students/courses
2025-10-17 20:11:16 [http-nio-8080-exec-5] DEBUG o.s.security.web.FilterChainProxy - [userId:hello@gmail.com] Secured GET /api/students/courses
2025-10-17 20:11:16 [http-nio-8080-exec-6] DEBUG o.s.security.web.FilterChainProxy - [userId:] Securing GET /api/students/courses
2025-10-17 20:11:16 [http-nio-8080-exec-7] DEBUG o.s.security.web.FilterChainProxy - [userId:] Securing OPTIONS /api/students/exams
2025-10-17 20:11:16 [http-nio-8080-exec-6] DEBUG o.s.security.web.FilterChainProxy - [userId:hello@gmail.com] Secured GET /api/students/courses
2025-10-17 20:11:16 [http-nio-8080-exec-8] DEBUG o.s.security.web.FilterChainProxy - [userId:] Securing GET /api/students/exams
2025-10-17 20:11:16 [http-nio-8080-exec-8] DEBUG o.s.security.web.FilterChainProxy - [userId:hello@gmail.com] Secured GET /api/students/exams
2025-10-17 20:11:16 [http-nio-8080-exec-8] INFO  c.e.service.StudentServiceImpl - [userId:hello@gmail.com] Fetching available exams: hello@gmail.com
2025-10-17 20:11:16 [http-nio-8080-exec-9] DEBUG o.s.security.web.FilterChainProxy - [userId:] Securing GET /api/students/exams
2025-10-17 20:11:16 [http-nio-8080-exec-10] DEBUG o.s.security.web.FilterChainProxy - [userId:] Securing OPTIONS /api/students/courses/available
2025-10-17 20:11:16 [http-nio-8080-exec-1] DEBUG o.s.security.web.FilterChainProxy - [userId:] Securing GET /api/students/courses/available
2025-10-17 20:11:16 [http-nio-8080-exec-9] DEBUG o.s.security.web.FilterChainProxy - [userId:hello@gmail.com] Secured GET /api/students/exams
2025-10-17 20:11:16 [http-nio-8080-exec-1] DEBUG o.s.security.web.FilterChainProxy - [userId:hello@gmail.com] Secured GET /api/students/courses/available
2025-10-17 20:11:16 [http-nio-8080-exec-9] INFO  c.e.service.StudentServiceImpl - [userId:hello@gmail.com] Fetching available exams: hello@gmail.com
2025-10-17 20:11:16 [http-nio-8080-exec-2] DEBUG o.s.security.web.FilterChainProxy - [userId:] Securing GET /api/students/courses/available
2025-10-17 20:11:16 [http-nio-8080-exec-4] DEBUG o.s.security.web.FilterChainProxy - [userId:] Securing OPTIONS /api/students/results
2025-10-17 20:11:16 [http-nio-8080-exec-2] DEBUG o.s.security.web.FilterChainProxy - [userId:hello@gmail.com] Secured GET /api/students/courses/available
2025-10-17 20:11:16 [http-nio-8080-exec-3] DEBUG o.s.security.web.FilterChainProxy - [userId:] Securing GET /api/students/results
2025-10-17 20:11:16 [http-nio-8080-exec-3] DEBUG o.s.security.web.FilterChainProxy - [userId:hello@gmail.com] Secured GET /api/students/results
2025-10-17 20:11:16 [http-nio-8080-exec-3] INFO  c.e.service.StudentServiceImpl - [userId:hello@gmail.com] MDC userId in service: hello@gmail.com
2025-10-17 20:11:16 [http-nio-8080-exec-3] INFO  c.e.service.StudentServiceImpl - [userId:hello@gmail.com] Fetching results for student1111
2025-10-17 20:11:16 [http-nio-8080-exec-5] DEBUG o.s.security.web.FilterChainProxy - [userId:] Securing GET /api/students/results
2025-10-17 20:11:16 [http-nio-8080-exec-5] DEBUG o.s.security.web.FilterChainProxy - [userId:hello@gmail.com] Secured GET /api/students/results
2025-10-17 20:11:16 [http-nio-8080-exec-5] INFO  c.e.service.StudentServiceImpl - [userId:hello@gmail.com] MDC userId in service: hello@gmail.com
2025-10-17 20:11:16 [http-nio-8080-exec-5] INFO  c.e.service.StudentServiceImpl - [userId:hello@gmail.com] Fetching results for student1111
2025-10-17 20:12:59 [http-nio-8080-exec-8] DEBUG o.s.security.web.FilterChainProxy - [userId:] Securing GET /api/students/results
2025-10-17 20:12:59 [http-nio-8080-exec-8] DEBUG o.s.security.web.FilterChainProxy - [userId:hello@gmail.com] Secured GET /api/students/results
2025-10-17 20:12:59 [http-nio-8080-exec-8] INFO  c.e.service.StudentServiceImpl - [userId:hello@gmail.com] MDC userId in service: hello@gmail.com
2025-10-17 20:12:59 [http-nio-8080-exec-8] INFO  c.e.service.StudentServiceImpl - [userId:hello@gmail.com] Fetching results for student1111
2025-10-17 20:12:59 [http-nio-8080-exec-10] DEBUG o.s.security.web.FilterChainProxy - [userId:] Securing GET /api/students/results
2025-10-17 20:12:59 [http-nio-8080-exec-10] DEBUG o.s.security.web.FilterChainProxy - [userId:hello@gmail.com] Secured GET /api/students/results
2025-10-17 20:12:59 [http-nio-8080-exec-10] INFO  c.e.service.StudentServiceImpl - [userId:hello@gmail.com] MDC userId in service: hello@gmail.com
2025-10-17 20:12:59 [http-nio-8080-exec-10] INFO  c.e.service.StudentServiceImpl - [userId:hello@gmail.com] Fetching results for student1111
2025-10-17 20:13:01 [http-nio-8080-exec-9] DEBUG o.s.security.web.FilterChainProxy - [userId:] Securing GET /api/students/courses
2025-10-17 20:13:01 [http-nio-8080-exec-9] DEBUG o.s.security.web.FilterChainProxy - [userId:hello@gmail.com] Secured GET /api/students/courses
2025-10-17 20:13:01 [http-nio-8080-exec-1] DEBUG o.s.security.web.FilterChainProxy - [userId:] Securing GET /api/students/courses
2025-10-17 20:13:01 [http-nio-8080-exec-4] DEBUG o.s.security.web.FilterChainProxy - [userId:] Securing GET /api/students/exams
2025-10-17 20:13:01 [http-nio-8080-exec-1] DEBUG o.s.security.web.FilterChainProxy - [userId:hello@gmail.com] Secured GET /api/students/courses
2025-10-17 20:13:01 [http-nio-8080-exec-4] DEBUG o.s.security.web.FilterChainProxy - [userId:hello@gmail.com] Secured GET /api/students/exams
2025-10-17 20:13:01 [http-nio-8080-exec-4] INFO  c.e.service.StudentServiceImpl - [userId:hello@gmail.com] Fetching available exams: hello@gmail.com
2025-10-17 20:13:01 [http-nio-8080-exec-2] DEBUG o.s.security.web.FilterChainProxy - [userId:] Securing GET /api/students/exams
2025-10-17 20:13:01 [http-nio-8080-exec-3] DEBUG o.s.security.web.FilterChainProxy - [userId:] Securing GET /api/students/courses/available
2025-10-17 20:13:01 [http-nio-8080-exec-2] DEBUG o.s.security.web.FilterChainProxy - [userId:hello@gmail.com] Secured GET /api/students/exams
2025-10-17 20:13:01 [http-nio-8080-exec-3] DEBUG o.s.security.web.FilterChainProxy - [userId:hello@gmail.com] Secured GET /api/students/courses/available
2025-10-17 20:13:02 [http-nio-8080-exec-2] INFO  c.e.service.StudentServiceImpl - [userId:hello@gmail.com] Fetching available exams: hello@gmail.com
2025-10-17 20:13:02 [http-nio-8080-exec-5] DEBUG o.s.security.web.FilterChainProxy - [userId:] Securing GET /api/students/results
2025-10-17 20:13:02 [http-nio-8080-exec-6] DEBUG o.s.security.web.FilterChainProxy - [userId:] Securing GET /api/students/courses/available
2025-10-17 20:13:02 [http-nio-8080-exec-5] DEBUG o.s.security.web.FilterChainProxy - [userId:hello@gmail.com] Secured GET /api/students/results
2025-10-17 20:13:02 [http-nio-8080-exec-6] DEBUG o.s.security.web.FilterChainProxy - [userId:hello@gmail.com] Secured GET /api/students/courses/available
2025-10-17 20:13:02 [http-nio-8080-exec-5] INFO  c.e.service.StudentServiceImpl - [userId:hello@gmail.com] MDC userId in service: hello@gmail.com
2025-10-17 20:13:02 [http-nio-8080-exec-5] INFO  c.e.service.StudentServiceImpl - [userId:hello@gmail.com] Fetching results for student1111
2025-10-17 20:13:02 [http-nio-8080-exec-7] DEBUG o.s.security.web.FilterChainProxy - [userId:] Securing GET /api/students/results
2025-10-17 20:13:02 [http-nio-8080-exec-7] DEBUG o.s.security.web.FilterChainProxy - [userId:hello@gmail.com] Secured GET /api/students/results
2025-10-17 20:13:02 [http-nio-8080-exec-7] INFO  c.e.service.StudentServiceImpl - [userId:hello@gmail.com] MDC userId in service: hello@gmail.com
2025-10-17 20:13:02 [http-nio-8080-exec-7] INFO  c.e.service.StudentServiceImpl - [userId:hello@gmail.com] Fetching results for student1111
2025-10-17 20:22:57 [SpringApplicationShutdownHook] INFO  o.s.o.j.LocalContainerEntityManagerFactoryBean - [userId:] Closing JPA EntityManagerFactory for persistence unit 'default'
2025-10-17 20:22:57 [SpringApplicationShutdownHook] INFO  com.zaxxer.hikari.HikariDataSource - [userId:] HikariPool-1 - Shutdown initiated...
2025-10-17 20:22:57 [SpringApplicationShutdownHook] INFO  com.zaxxer.hikari.HikariDataSource - [userId:] HikariPool-1 - Shutdown completed.
